{"name":"Log","hostname":"1d9196a38a28","pid":23713,"level":30,"msg":"Creating table: posts","time":"2019-12-18T05:57:23.191Z","v":0}
{"name":"Log","hostname":"1d9196a38a28","pid":23713,"level":30,"msg":"Creating table: posts_meta","time":"2019-12-18T05:57:23.214Z","v":0}
{"name":"Log","hostname":"1d9196a38a28","pid":23713,"level":30,"msg":"Creating table: users","time":"2019-12-18T05:57:23.234Z","v":0}
{"name":"Log","hostname":"1d9196a38a28","pid":23713,"level":30,"msg":"Creating table: posts_authors","time":"2019-12-18T05:57:23.263Z","v":0}
{"name":"Log","hostname":"1d9196a38a28","pid":23713,"level":30,"msg":"Creating table: roles","time":"2019-12-18T05:57:23.274Z","v":0}
{"name":"Log","hostname":"1d9196a38a28","pid":23713,"level":30,"msg":"Creating table: roles_users","time":"2019-12-18T05:57:23.296Z","v":0}
{"name":"Log","hostname":"1d9196a38a28","pid":23713,"level":30,"msg":"Creating table: permissions","time":"2019-12-18T05:57:23.306Z","v":0}
{"name":"Log","hostname":"1d9196a38a28","pid":23713,"level":30,"msg":"Creating table: permissions_users","time":"2019-12-18T05:57:23.327Z","v":0}
{"name":"Log","hostname":"1d9196a38a28","pid":23713,"level":30,"msg":"Creating table: permissions_roles","time":"2019-12-18T05:57:23.341Z","v":0}
{"name":"Log","hostname":"1d9196a38a28","pid":23713,"level":30,"msg":"Creating table: permissions_apps","time":"2019-12-18T05:57:23.354Z","v":0}
{"name":"Log","hostname":"1d9196a38a28","pid":23713,"level":30,"msg":"Creating table: settings","time":"2019-12-18T05:57:23.367Z","v":0}
{"name":"Log","hostname":"1d9196a38a28","pid":23713,"level":30,"msg":"Creating table: tags","time":"2019-12-18T05:57:23.388Z","v":0}
{"name":"Log","hostname":"1d9196a38a28","pid":23713,"level":30,"msg":"Creating table: posts_tags","time":"2019-12-18T05:57:23.406Z","v":0}
{"name":"Log","hostname":"1d9196a38a28","pid":23713,"level":30,"msg":"Creating table: apps","time":"2019-12-18T05:57:23.420Z","v":0}
{"name":"Log","hostname":"1d9196a38a28","pid":23713,"level":30,"msg":"Creating table: app_settings","time":"2019-12-18T05:57:23.449Z","v":0}
{"name":"Log","hostname":"1d9196a38a28","pid":23713,"level":30,"msg":"Creating table: app_fields","time":"2019-12-18T05:57:23.469Z","v":0}
{"name":"Log","hostname":"1d9196a38a28","pid":23713,"level":30,"msg":"Creating table: invites","time":"2019-12-18T05:57:23.500Z","v":0}
{"name":"Log","hostname":"1d9196a38a28","pid":23713,"level":30,"msg":"Creating table: brute","time":"2019-12-18T05:57:23.525Z","v":0}
{"name":"Log","hostname":"1d9196a38a28","pid":23713,"level":30,"msg":"Creating table: webhooks","time":"2019-12-18T05:57:23.536Z","v":0}
{"name":"Log","hostname":"1d9196a38a28","pid":23713,"level":30,"msg":"Creating table: sessions","time":"2019-12-18T05:57:23.548Z","v":0}
{"name":"Log","hostname":"1d9196a38a28","pid":23713,"level":30,"msg":"Creating table: integrations","time":"2019-12-18T05:57:23.565Z","v":0}
{"name":"Log","hostname":"1d9196a38a28","pid":23713,"level":30,"msg":"Creating table: api_keys","time":"2019-12-18T05:57:23.585Z","v":0}
{"name":"Log","hostname":"1d9196a38a28","pid":23713,"level":30,"msg":"Creating table: mobiledoc_revisions","time":"2019-12-18T05:57:23.605Z","v":0}
{"name":"Log","hostname":"1d9196a38a28","pid":23713,"level":30,"msg":"Creating table: members","time":"2019-12-18T05:57:23.625Z","v":0}
{"name":"Log","hostname":"1d9196a38a28","pid":23713,"level":30,"msg":"Creating table: members_stripe_customers","time":"2019-12-18T05:57:23.645Z","v":0}
{"name":"Log","hostname":"1d9196a38a28","pid":23713,"level":30,"msg":"Creating table: members_stripe_customers_subscriptions","time":"2019-12-18T05:57:23.658Z","v":0}
{"name":"Log","hostname":"1d9196a38a28","pid":23713,"level":30,"msg":"Creating table: actions","time":"2019-12-18T05:57:23.670Z","v":0}
{"name":"Log","hostname":"1d9196a38a28","pid":23713,"level":30,"msg":"Model: Tag","time":"2019-12-18T05:57:23.696Z","v":0}
{"name":"Log","hostname":"1d9196a38a28","pid":23713,"level":30,"msg":"Model: Role","time":"2019-12-18T05:57:23.731Z","v":0}
{"name":"Log","hostname":"1d9196a38a28","pid":23713,"level":30,"msg":"Model: Permission","time":"2019-12-18T05:57:23.784Z","v":0}
{"name":"Log","hostname":"1d9196a38a28","pid":23713,"level":30,"msg":"Model: User","time":"2019-12-18T05:57:24.172Z","v":0}
{"name":"Log","hostname":"1d9196a38a28","pid":23713,"level":30,"msg":"Model: Post","time":"2019-12-18T05:57:24.643Z","v":0}
{"name":"Log","hostname":"1d9196a38a28","pid":23713,"level":30,"msg":"Model: Integration","time":"2019-12-18T05:57:25.116Z","v":0}
{"name":"Log","hostname":"1d9196a38a28","pid":23713,"level":30,"msg":"Relation: Role to Permission","time":"2019-12-18T05:57:25.172Z","v":0}
{"name":"Log","hostname":"1d9196a38a28","pid":23713,"level":30,"msg":"Relation: Post to Tag","time":"2019-12-18T05:57:25.667Z","v":0}
{"name":"Log","hostname":"1d9196a38a28","pid":23713,"level":30,"msg":"Relation: User to Role","time":"2019-12-18T05:57:25.724Z","v":0}
{"name":"Log","hostname":"1d9196a38a28","pid":23713,"level":30,"msg":"Ghost is running in production...","time":"2019-12-18T05:57:28.249Z","v":0}
{"name":"Log","hostname":"1d9196a38a28","pid":23713,"level":30,"msg":"Your site is now available on http://localhost:2368/","time":"2019-12-18T05:57:28.250Z","v":0}
{"name":"Log","hostname":"1d9196a38a28","pid":23713,"level":30,"msg":"Ctrl+C to shut down","time":"2019-12-18T05:57:28.251Z","v":0}
{"name":"Log","hostname":"1d9196a38a28","pid":23713,"level":30,"msg":"Ghost boot 6.804s","time":"2019-12-18T05:57:28.259Z","v":0}
{"name":"Log","hostname":"1d9196a38a28","pid":23713,"level":30,"req":{"meta":{"requestId":"e0e40adb-4659-42ca-b280-1fa24633fae8","userId":null},"url":"/","method":"GET","originalUrl":"/","params":{},"headers":{"host":"maferevelo.tk","x-real-ip":"190.152.187.84","x-forwarded-proto":"https","connection":"close","user-agent":"Mozilla/5.0 (Windows NT 10.0; Win64; x64; rv:72.0) Gecko/20100101 Firefox/72.0","accept":"text/html,application/xhtml+xml,application/xml;q=0.9,image/webp,*/*;q=0.8","accept-language":"en-US,en;q=0.5","accept-encoding":"gzip, deflate, br","upgrade-insecure-requests":"1","if-none-match":"W/\"8ca1-BQGvN9we68DUfCBK/l8urwAVPhY\"","cache-control":"max-age=0","cookie":"**REDACTED**"},"query":{}},"res":{"_headers":{"x-powered-by":"Express","cache-control":"public, max-age=0","content-type":"text/html; charset=utf-8","etag":"W/\"717c-HqUFR7l/APDhekm3xjCJLjrO65A\"","vary":"Accept-Encoding","content-encoding":"gzip"},"statusCode":200,"responseTime":"762ms"},"msg":"","time":"2019-12-18T06:00:41.688Z","v":0}
{"name":"Log","hostname":"1d9196a38a28","pid":23713,"level":30,"req":{"meta":{"requestId":"8fbf8954-a3ba-4e83-a58d-6d8407e63ba6","userId":null},"url":"/assets/built/screen.css?v=d4aa141522","method":"GET","originalUrl":"/assets/built/screen.css?v=d4aa141522","params":{},"headers":{"host":"maferevelo.tk","x-real-ip":"190.152.187.84","x-forwarded-proto":"https","connection":"close","user-agent":"Mozilla/5.0 (Windows NT 10.0; Win64; x64; rv:72.0) Gecko/20100101 Firefox/72.0","accept":"text/css,*/*;q=0.1","accept-language":"en-US,en;q=0.5","accept-encoding":"gzip, deflate, br","referer":"https://maferevelo.tk/","cookie":"**REDACTED**"},"query":{"v":"d4aa141522"}},"res":{"_headers":{"x-powered-by":"Express","accept-ranges":"bytes","cache-control":"public, max-age=31536000","last-modified":"Sat, 26 Oct 1985 08:15:00 GMT","etag":"W/\"a767-7438674ba0\"","content-type":"text/css; charset=UTF-8","vary":"Accept-Encoding","content-encoding":"gzip"},"statusCode":200,"responseTime":"11ms"},"msg":"","time":"2019-12-18T06:00:41.953Z","v":0}
{"name":"Log","hostname":"1d9196a38a28","pid":23713,"level":30,"req":{"meta":{"requestId":"826eb301-64c4-4804-9dc6-f32edccb79a4","userId":null},"url":"/assets/built/casper.js?v=d4aa141522","method":"GET","originalUrl":"/assets/built/casper.js?v=d4aa141522","params":{},"headers":{"host":"maferevelo.tk","x-real-ip":"190.152.187.84","x-forwarded-proto":"https","connection":"close","user-agent":"Mozilla/5.0 (Windows NT 10.0; Win64; x64; rv:72.0) Gecko/20100101 Firefox/72.0","accept":"*/*","accept-language":"en-US,en;q=0.5","accept-encoding":"gzip, deflate, br","referer":"https://maferevelo.tk/","cookie":"**REDACTED**"},"query":{"v":"d4aa141522"}},"res":{"_headers":{"x-powered-by":"Express","accept-ranges":"bytes","cache-control":"public, max-age=31536000","last-modified":"Sat, 26 Oct 1985 08:15:00 GMT","etag":"W/\"e07-7438674ba0\"","content-type":"application/javascript; charset=UTF-8","vary":"Accept-Encoding","content-encoding":"gzip"},"statusCode":200,"responseTime":"4ms"},"msg":"","time":"2019-12-18T06:00:41.971Z","v":0}
{"name":"Log","hostname":"1d9196a38a28","pid":23713,"level":30,"req":{"meta":{"requestId":"e2071348-b3e4-4058-adb2-87a545531f54","userId":null},"url":"/","method":"GET","originalUrl":"/","params":{},"headers":{"host":"maferevelo.tk","x-real-ip":"52.209.30.187","x-forwarded-proto":"https","connection":"close","user-agent":"Mozilla/5.0+(compatible; Cula/2.0; https://cula.io/)","accept":"*/*"},"query":{}},"res":{"_headers":{"x-powered-by":"Express","cache-control":"public, max-age=0","content-type":"text/html; charset=utf-8","content-length":"29052","etag":"W/\"717c-HqUFR7l/APDhekm3xjCJLjrO65A\"","vary":"Accept-Encoding"},"statusCode":200,"responseTime":"175ms"},"msg":"","time":"2019-12-18T06:00:42.523Z","v":0}
{"name":"Log","hostname":"1d9196a38a28","pid":23713,"level":30,"req":{"meta":{"requestId":"bc4f6330-ce7a-4b20-94c5-70b0828f31c5","userId":null},"url":"/favicon.ico","method":"GET","originalUrl":"/favicon.ico","params":{},"headers":{"host":"maferevelo.tk","x-real-ip":"190.152.187.84","x-forwarded-proto":"https","connection":"close","user-agent":"Mozilla/5.0 (Windows NT 10.0; Win64; x64; rv:72.0) Gecko/20100101 Firefox/72.0","accept":"image/webp,*/*","accept-language":"en-US,en;q=0.5","accept-encoding":"gzip, deflate, br","cookie":"**REDACTED**"},"query":{}},"res":{"_headers":{"x-powered-by":"Express","content-type":"image/x-icon","etag":"\"8d1f3e04f7acd092d89057cf273eaa96\"","cache-control":"public, max-age=86400","vary":"Accept-Encoding","content-encoding":"gzip"},"statusCode":200,"responseTime":"5ms"},"msg":"","time":"2019-12-18T06:00:43.775Z","v":0}
{"name":"Log","hostname":"1d9196a38a28","pid":23713,"level":30,"req":{"meta":{"requestId":"be8fc7d3-080a-42b5-8ac2-a052944d0cdd","userId":null},"url":"/","method":"GET","originalUrl":"/","params":{},"headers":{"host":"maferevelo.tk","x-real-ip":"190.152.187.84","x-forwarded-proto":"https","connection":"close","user-agent":"Mozilla/5.0 (Windows NT 10.0; Win64; x64; rv:72.0) Gecko/20100101 Firefox/72.0","accept":"text/html,application/xhtml+xml,application/xml;q=0.9,image/webp,*/*;q=0.8","accept-language":"en-US,en;q=0.5","accept-encoding":"gzip, deflate, br","upgrade-insecure-requests":"1","if-none-match":"W/\"717c-HqUFR7l/APDhekm3xjCJLjrO65A\"","cookie":"**REDACTED**"},"query":{}},"res":{"_headers":{"x-powered-by":"Express","cache-control":"public, max-age=0","etag":"W/\"717c-HqUFR7l/APDhekm3xjCJLjrO65A\""},"statusCode":304,"responseTime":"182ms"},"msg":"","time":"2019-12-18T06:01:15.408Z","v":0}
{"name":"Log","hostname":"1d9196a38a28","pid":23713,"level":30,"req":{"meta":{"requestId":"bd015ce6-b956-48d6-b469-e0019468582a","userId":null},"url":"/","method":"GET","originalUrl":"/","params":{},"headers":{"host":"maferevelo.tk","x-real-ip":"190.152.187.84","x-forwarded-proto":"https","connection":"close","user-agent":"Mozilla/5.0 (Windows NT 10.0; Win64; x64; rv:72.0) Gecko/20100101 Firefox/72.0","accept":"text/html,application/xhtml+xml,application/xml;q=0.9,image/webp,*/*;q=0.8","accept-language":"en-US,en;q=0.5","accept-encoding":"gzip, deflate, br","upgrade-insecure-requests":"1","if-none-match":"W/\"717c-HqUFR7l/APDhekm3xjCJLjrO65A\"","cache-control":"max-age=0","cookie":"**REDACTED**"},"query":{}},"res":{"_headers":{"x-powered-by":"Express","cache-control":"public, max-age=0","etag":"W/\"717c-HqUFR7l/APDhekm3xjCJLjrO65A\""},"statusCode":304,"responseTime":"109ms"},"msg":"","time":"2019-12-18T06:01:27.702Z","v":0}
{"name":"Log","hostname":"1d9196a38a28","pid":23713,"level":30,"req":{"meta":{"requestId":"6de280c3-2093-48fe-8a7e-fa9f4e68394c","userId":null},"url":"/assets/built/screen.css?v=d4aa141522","method":"GET","originalUrl":"/assets/built/screen.css?v=d4aa141522","params":{},"headers":{"host":"maferevelo.tk","x-real-ip":"190.152.187.84","x-forwarded-proto":"https","connection":"close","user-agent":"Mozilla/5.0 (Windows NT 10.0; Win64; x64; rv:72.0) Gecko/20100101 Firefox/72.0","accept":"text/css,*/*;q=0.1","accept-language":"en-US,en;q=0.5","accept-encoding":"gzip, deflate, br","referer":"https://maferevelo.tk/","if-modified-since":"Sat, 26 Oct 1985 08:15:00 GMT","if-none-match":"W/\"a767-7438674ba0\"","cache-control":"max-age=0","cookie":"**REDACTED**"},"query":{"v":"d4aa141522"}},"res":{"_headers":{"x-powered-by":"Express","accept-ranges":"bytes","cache-control":"public, max-age=31536000","last-modified":"Sat, 26 Oct 1985 08:15:00 GMT","etag":"W/\"a767-7438674ba0\""},"statusCode":304,"responseTime":"3ms"},"msg":"","time":"2019-12-18T06:01:27.961Z","v":0}
{"name":"Log","hostname":"1d9196a38a28","pid":23713,"level":30,"req":{"meta":{"requestId":"6b6421b7-23b4-4bb6-a1f8-b112115d830e","userId":null},"url":"/assets/built/casper.js?v=d4aa141522","method":"GET","originalUrl":"/assets/built/casper.js?v=d4aa141522","params":{},"headers":{"host":"maferevelo.tk","x-real-ip":"190.152.187.84","x-forwarded-proto":"https","connection":"close","user-agent":"Mozilla/5.0 (Windows NT 10.0; Win64; x64; rv:72.0) Gecko/20100101 Firefox/72.0","accept":"*/*","accept-language":"en-US,en;q=0.5","accept-encoding":"gzip, deflate, br","referer":"https://maferevelo.tk/","if-modified-since":"Sat, 26 Oct 1985 08:15:00 GMT","if-none-match":"W/\"e07-7438674ba0\"","cache-control":"max-age=0","cookie":"**REDACTED**"},"query":{"v":"d4aa141522"}},"res":{"_headers":{"x-powered-by":"Express","accept-ranges":"bytes","cache-control":"public, max-age=31536000","last-modified":"Sat, 26 Oct 1985 08:15:00 GMT","etag":"W/\"e07-7438674ba0\""},"statusCode":304,"responseTime":"2ms"},"msg":"","time":"2019-12-18T06:01:27.980Z","v":0}
